Bootstrap.obj : error LNK2001: unresolved external symbol "__declspec(dllimport) public: __thiscall OgreBites::ApplicationContextSDL::ApplicationContextSDL(class std::basic_string<char,struct std::char_traits<char>,class std::allocator<char> > const &)" (__imp_??0ApplicationContextSDL@OgreBites@@QAE@ABV?$basic_string@DU?$char_traits@D@std@@V?$allocator@D@2@@std@@@Z)
Bootstrap.obj : error LNK2001: unresolved external symbol "__declspec(dllimport) public: void __thiscall OgreBites::ApplicationContextBase::closeApp(void)" (__imp_?closeApp@ApplicationContextBase@OgreBites@@QAEXXZ)
Bootstrap.obj : error LNK2001: unresolved external symbol "__declspec(dllimport) public: void __thiscall OgreBites::ApplicationContextBase::initApp(void)" (__imp_?initApp@ApplicationContextBase@OgreBites@@QAEXXZ)
Bootstrap.obj : error LNK2001: unresolved external symbol "__declspec(dllimport) public: void __thiscall Ogre::RTShader::ShaderGenerator::addSceneManager(class Ogre::SceneManager *)" (__imp_?addSceneManager@ShaderGenerator@RTShader@Ogre@@QAEXPAVSceneManager@3@@Z)
Bootstrap.obj : error LNK2001: unresolved external symbol "__declspec(dllimport) public: static class Ogre::RTShader::ShaderGenerator * __cdecl Ogre::RTShader::ShaderGenerator::getSingletonPtr(void)" (__imp_?getSingletonPtr@ShaderGenerator@RTShader@Ogre@@SAPAV123@XZ)
Bootstrap.obj : error LNK2001: unresolved external symbol "__declspec(dllimport) public: void __thiscall Ogre::SceneNode::lookAt(class Ogre::Vector<3,float> const &,enum Ogre::Node::TransformSpace,class Ogre::Vector<3,float> const &)" (__imp_?lookAt@SceneNode@Ogre@@QAEXABV?$Vector@$02M@2@W4TransformSpace@Node@2@0@Z)
Bootstrap.obj : error LNK2001: unresolved external symbol "__declspec(dllimport) public: void __thiscall Ogre::Frustum::setNearClipDistance(float)" (__imp_?setNearClipDistance@Frustum@Ogre@@QAEXM@Z)
Bootstrap.obj : error LNK2001: unresolved external symbol "__declspec(dllimport) public: static class Ogre::Vector<3,float> const Ogre::VectorBase<3,float>::NEGATIVE_UNIT_Z" (__imp_?NEGATIVE_UNIT_Z@?$VectorBase@$02M@Ogre@@2V?$Vector@$02M@2@B)
Bootstrap.obj : error LNK2001: unresolved external symbol "__declspec(dllimport) public: class Ogre::Entity * __thiscall Ogre::SceneManager::createEntity(class std::basic_string<char,struct std::char_traits<char>,class std::allocator<char> > const &)" (__imp_?createEntity@SceneManager@Ogre@@QAEPAVEntity@2@ABV?$basic_string@DU?$char_traits@D@std@@V?$allocator@D@2@@std@@@Z)
Bootstrap.obj : error LNK2001: unresolved external symbol "__declspec(dllimport) public: class Ogre::SceneNode * __thiscall Ogre::SceneManager::getRootSceneNode(void)" (__imp_?getRootSceneNode@SceneManager@Ogre@@QAEPAVSceneNode@2@XZ)
Bootstrap.obj : error LNK2001: unresolved external symbol "__declspec(dllimport) public: void __thiscall Ogre::Camera::setAutoAspectRatio(bool)" (__imp_?setAutoAspectRatio@Camera@Ogre@@QAEX_N@Z)
Bootstrap.obj : error LNK2001: unresolved external symbol "__declspec(dllimport) public: static class Ogre::Quaternion const Ogre::Quaternion::IDENTITY" (__imp_?IDENTITY@Quaternion@Ogre@@2V12@B)
Bootstrap.obj : error LNK2001: unresolved external symbol "__declspec(dllimport) public: static class Ogre::Root & __cdecl Ogre::Root::getSingleton(void)" (__imp_?getSingleton@Root@Ogre@@SAAAV12@XZ)
Bootstrap.obj : error LNK2001: unresolved external symbol "__declspec(dllimport) public: void __thiscall Ogre::Root::startRendering(void)" (__imp_?startRendering@Root@Ogre@@QAEXXZ)
Bootstrap.obj : error LNK2001: unresolved external symbol "__declspec(dllimport) public: void __thiscall Ogre::Root::queueEndRendering(bool)" (__imp_?queueEndRendering@Root@Ogre@@QAEX_N@Z)
Bootstrap.obj : error LNK2001: unresolved external symbol "__declspec(dllimport) public: static class Ogre::Vector<3,float> const Ogre::VectorBase<3,float>::ZERO" (__imp_?ZERO@?$VectorBase@$02M@Ogre@@2V?$Vector@$02M@2@B)
Bootstrap.obj : error LNK2001: unresolved external symbol "__declspec(dllimport) public: virtual __thiscall OgreBites::ApplicationContextSDL::~ApplicationContextSDL(void)" (__imp_??1ApplicationContextSDL@OgreBites@@UAE@XZ)
Bootstrap.obj : error LNK2001: unresolved external symbol "__declspec(dllimport) public: void __thiscall OgreBites::ApplicationContextBase::addInputListener(struct OgreBites::InputListener *)" (__imp_?addInputListener@ApplicationContextBase@OgreBites@@QAEXPAUInputListener@2@@Z)
Bootstrap.obj : error LNK2001: unresolved external symbol "__declspec(dllimport) public: class Ogre::Root * __thiscall OgreBites::ApplicationContextBase::getRoot(void)const " (__imp_?getRoot@ApplicationContextBase@OgreBites@@QBEPAVRoot@Ogre@@XZ)
Bootstrap.obj : error LNK2001: unresolved external symbol "__declspec(dllimport) public: class Ogre::RenderWindow * __thiscall OgreBites::ApplicationContextBase::getRenderWindow(void)const " (__imp_?getRenderWindow@ApplicationContextBase@OgreBites@@QBEPAVRenderWindow@Ogre@@XZ)
Bootstrap.obj : error LNK2001: unresolved external symbol "__declspec(dllimport) public: __thiscall OgreBites::InputListener::InputListener(void)" (__imp_??0InputListener@OgreBites@@QAE@XZ)
Bootstrap.obj : error LNK2001: unresolved external symbol "__declspec(dllimport) public: virtual bool __thiscall OgreBites::InputListener::buttonReleased(struct OgreBites::ButtonEvent const &)" (__imp_?buttonReleased@InputListener@OgreBites@@UAE_NABUButtonEvent@2@@Z)
Bootstrap.obj : error LNK2001: unresolved external symbol "__declspec(dllimport) public: virtual bool __thiscall OgreBites::InputListener::buttonPressed(struct OgreBites::ButtonEvent const &)" (__imp_?buttonPressed@InputListener@OgreBites@@UAE_NABUButtonEvent@2@@Z)
Bootstrap.obj : error LNK2001: unresolved external symbol "__declspec(dllimport) public: virtual bool __thiscall OgreBites::InputListener::axisMoved(struct OgreBites::AxisEvent const &)" (__imp_?axisMoved@InputListener@OgreBites@@UAE_NABUAxisEvent@2@@Z)
Bootstrap.obj : error LNK2001: unresolved external symbol "__declspec(dllimport) public: virtual bool __thiscall OgreBites::InputListener::textInput(struct OgreBites::TextInputEvent const &)" (__imp_?textInput@InputListener@OgreBites@@UAE_NABUTextInputEvent@2@@Z)
Bootstrap.obj : error LNK2001: unresolved external symbol "__declspec(dllimport) public: virtual bool __thiscall OgreBites::InputListener::mouseReleased(struct OgreBites::MouseButtonEvent const &)" (__imp_?mouseReleased@InputListener@OgreBites@@UAE_NABUMouseButtonEvent@2@@Z)
Bootstrap.obj : error LNK2001: unresolved external symbol "__declspec(dllimport) public: virtual bool __thiscall OgreBites::InputListener::mousePressed(struct OgreBites::MouseButtonEvent const &)" (__imp_?mousePressed@InputListener@OgreBites@@UAE_NABUMouseButtonEvent@2@@Z)
Bootstrap.obj : error LNK2001: unresolved external symbol "__declspec(dllimport) public: virtual bool __thiscall OgreBites::InputListener::mouseWheelRolled(struct OgreBites::MouseWheelEvent const &)" (__imp_?mouseWheelRolled@InputListener@OgreBites@@UAE_NABUMouseWheelEvent@2@@Z)
Bootstrap.obj : error LNK2001: unresolved external symbol "__declspec(dllimport) public: virtual bool __thiscall OgreBites::InputListener::mouseMoved(struct OgreBites::MouseMotionEvent const &)" (__imp_?mouseMoved@InputListener@OgreBites@@UAE_NABUMouseMotionEvent@2@@Z)
Bootstrap.obj : error LNK2001: unresolved external symbol "__declspec(dllimport) public: virtual bool __thiscall OgreBites::InputListener::touchReleased(struct OgreBites::TouchFingerEvent const &)" (__imp_?touchReleased@InputListener@OgreBites@@UAE_NABUTouchFingerEvent@2@@Z)
Bootstrap.obj : error LNK2001: unresolved external symbol "__declspec(dllimport) public: virtual bool __thiscall OgreBites::InputListener::touchPressed(struct OgreBites::TouchFingerEvent const &)" (__imp_?touchPressed@InputListener@OgreBites@@UAE_NABUTouchFingerEvent@2@@Z)
Bootstrap.obj : error LNK2001: unresolved external symbol "__declspec(dllimport) public: virtual bool __thiscall OgreBites::InputListener::touchMoved(struct OgreBites::TouchFingerEvent const &)" (__imp_?touchMoved@InputListener@OgreBites@@UAE_NABUTouchFingerEvent@2@@Z)
Bootstrap.obj : error LNK2001: unresolved external symbol "__declspec(dllimport) public: virtual bool __thiscall OgreBites::InputListener::keyReleased(struct OgreBites::KeyboardEvent const &)" (__imp_?keyReleased@InputListener@OgreBites@@UAE_NABUKeyboardEvent@2@@Z)
Bootstrap.obj : error LNK2001: unresolved external symbol "__declspec(dllimport) public: virtual void __thiscall OgreBites::InputListener::frameRendered(struct Ogre::FrameEvent const &)" (__imp_?frameRendered@InputListener@OgreBites@@UAEXABUFrameEvent@Ogre@@@Z)
Bootstrap.obj : error LNK2001: unresolved external symbol "__declspec(dllimport) public: virtual __thiscall OgreBites::InputListener::~InputListener(void)" (__imp_??1InputListener@OgreBites@@UAE@XZ)
Bootstrap.obj : error LNK2001: unresolved external symbol "__declspec(dllimport) public: class Ogre::SceneManager * __thiscall Ogre::Root::createSceneManager(void)" (__imp_?createSceneManager@Root@Ogre@@QAEPAVSceneManager@2@XZ)
Bootstrap.obj : error LNK2001: unresolved external symbol "__declspec(dllimport) public: void __thiscall Ogre::Node::setPosition(float,float,float)" (__imp_?setPosition@Node@Ogre@@QAEXMMM@Z)
Bootstrap.obj : error LNK2001: unresolved external symbol "__declspec(dllimport) public: __thiscall Ogre::VectorBase<3,float>::VectorBase<3,float>(float,float,float)" (__imp_??0?$VectorBase@$02M@Ogre@@QAE@MMM@Z)
C:\Users\windo\Documents\Projects\holostrike\Release\holostrike.exe : fatal error LNK1120: 38 unresolved externals
