  Bootstrap.cpp
C:\Users\windo\Documents\Projects\holostrike\holostrike\build\OGRE\OgreAxisAlignedBox.h(66,17): warning C4251: 'Ogre::AxisAlignedBox::mMinimum': class 'Ogre::Vector<3,Ogre::Real>' needs to have dll-interface to be used by clients of class 'Ogre::AxisAlignedBox'
C:\Users\windo\Documents\Projects\holostrike\holostrike\build\OGRE\OgrePrerequisites.h(252): message : see declaration of 'Ogre::Vector<3,Ogre::Real>'
C:\Users\windo\Documents\Projects\holostrike\holostrike\build\OGRE\OgreAxisAlignedBox.h(67,17): warning C4251: 'Ogre::AxisAlignedBox::mMaximum': class 'Ogre::Vector<3,Ogre::Real>' needs to have dll-interface to be used by clients of class 'Ogre::AxisAlignedBox'
C:\Users\windo\Documents\Projects\holostrike\holostrike\build\OGRE\OgrePrerequisites.h(252): message : see declaration of 'Ogre::Vector<3,Ogre::Real>'
C:\Users\windo\Documents\Projects\holostrike\holostrike\build\OGRE\OgrePlane.h(65,17): warning C4251: 'Ogre::Plane::normal': class 'Ogre::Vector<3,Ogre::Real>' needs to have dll-interface to be used by clients of class 'Ogre::Plane'
C:\Users\windo\Documents\Projects\holostrike\holostrike\build\OGRE\OgrePrerequisites.h(252): message : see declaration of 'Ogre::Vector<3,Ogre::Real>'
C:\Users\windo\Documents\Projects\holostrike\holostrike\build\OGRE\OgreSphere.h(56,17): warning C4251: 'Ogre::Sphere::mCenter': class 'Ogre::Vector<3,Ogre::Real>' needs to have dll-interface to be used by clients of class 'Ogre::Sphere'
C:\Users\windo\Documents\Projects\holostrike\holostrike\build\OGRE\OgrePrerequisites.h(252): message : see declaration of 'Ogre::Vector<3,Ogre::Real>'
C:\Users\windo\Documents\Projects\holostrike\holostrike\build\OGRE\OgreBone.h(140,17): warning C4251: 'Ogre::Bone::mBindDerivedInverseScale': class 'Ogre::Vector<3,Ogre::Real>' needs to have dll-interface to be used by clients of class 'Ogre::Bone'
C:\Users\windo\Documents\Projects\holostrike\holostrike\build\OGRE\OgrePrerequisites.h(252): message : see declaration of 'Ogre::Vector<3,Ogre::Real>'
C:\Users\windo\Documents\Projects\holostrike\holostrike\build\OGRE\OgreBone.h(144,17): warning C4251: 'Ogre::Bone::mBindDerivedInversePosition': class 'Ogre::Vector<3,Ogre::Real>' needs to have dll-interface to be used by clients of class 'Ogre::Bone'
C:\Users\windo\Documents\Projects\holostrike\holostrike\build\OGRE\OgrePrerequisites.h(252): message : see declaration of 'Ogre::Vector<3,Ogre::Real>'
C:\Users\windo\Documents\Projects\holostrike\holostrike\build\OGRE\OgreDefaultHardwareBufferManager.h(107,52): warning C4251: 'Ogre::DefaultHardwareBufferManager::mImpl': class 'std::unique_ptr<Ogre::HardwareBufferManagerBase,std::default_delete<Ogre::HardwareBufferManagerBase>>' needs to have dll-interface to be used by clients of class 'Ogre::DefaultHardwareBufferManager'
C:\Users\windo\Documents\Projects\holostrike\holostrike\build\OGRE\OgreDefaultHardwareBufferManager.h(107): message : see declaration of 'std::unique_ptr<Ogre::HardwareBufferManagerBase,std::default_delete<Ogre::HardwareBufferManagerBase>>'
C:\Users\windo\Documents\Projects\holostrike\holostrike\build\OGRE\OgreRay.h(48,17): warning C4251: 'Ogre::Ray::mOrigin': class 'Ogre::Vector<3,Ogre::Real>' needs to have dll-interface to be used by clients of class 'Ogre::Ray'
C:\Users\windo\Documents\Projects\holostrike\holostrike\build\OGRE\OgrePrerequisites.h(252): message : see declaration of 'Ogre::Vector<3,Ogre::Real>'
C:\Users\windo\Documents\Projects\holostrike\holostrike\build\OGRE\OgreRay.h(49,17): warning C4251: 'Ogre::Ray::mDirection': class 'Ogre::Vector<3,Ogre::Real>' needs to have dll-interface to be used by clients of class 'Ogre::Ray'
C:\Users\windo\Documents\Projects\holostrike\holostrike\build\OGRE\OgrePrerequisites.h(252): message : see declaration of 'Ogre::Vector<3,Ogre::Real>'
C:\Users\windo\Documents\Projects\holostrike\holostrike\build\OGRE\OgreAutoParamDataSource.h(74,25): warning C4251: 'Ogre::AutoParamDataSource::mCameraPosition': class 'Ogre::Vector<4,Ogre::Real>' needs to have dll-interface to be used by clients of class 'Ogre::AutoParamDataSource'
C:\Users\windo\Documents\Projects\holostrike\holostrike\build\OGRE\OgrePrerequisites.h(255): message : see declaration of 'Ogre::Vector<4,Ogre::Real>'
C:\Users\windo\Documents\Projects\holostrike\holostrike\build\OGRE\OgreAutoParamDataSource.h(75,25): warning C4251: 'Ogre::AutoParamDataSource::mCameraPositionObjectSpace': class 'Ogre::Vector<4,Ogre::Real>' needs to have dll-interface to be used by clients of class 'Ogre::AutoParamDataSource'
C:\Users\windo\Documents\Projects\holostrike\holostrike\build\OGRE\OgrePrerequisites.h(255): message : see declaration of 'Ogre::Vector<4,Ogre::Real>'
C:\Users\windo\Documents\Projects\holostrike\holostrike\build\OGRE\OgreAutoParamDataSource.h(80,25): warning C4251: 'Ogre::AutoParamDataSource::mShadowCamDepthRanges': class 'Ogre::Vector<4,Ogre::Real>' needs to have dll-interface to be used by clients of class 'Ogre::AutoParamDataSource'
C:\Users\windo\Documents\Projects\holostrike\holostrike\build\OGRE\OgrePrerequisites.h(255): message : see declaration of 'Ogre::Vector<4,Ogre::Real>'
C:\Users\windo\Documents\Projects\holostrike\holostrike\build\OGRE\OgreAutoParamDataSource.h(85,25): warning C4251: 'Ogre::AutoParamDataSource::mLodCameraPosition': class 'Ogre::Vector<4,Ogre::Real>' needs to have dll-interface to be used by clients of class 'Ogre::AutoParamDataSource'
C:\Users\windo\Documents\Projects\holostrike\holostrike\build\OGRE\OgrePrerequisites.h(255): message : see declaration of 'Ogre::Vector<4,Ogre::Real>'
C:\Users\windo\Documents\Projects\holostrike\holostrike\build\OGRE\OgreAutoParamDataSource.h(86,25): warning C4251: 'Ogre::AutoParamDataSource::mLodCameraPositionObjectSpace': class 'Ogre::Vector<4,Ogre::Real>' needs to have dll-interface to be used by clients of class 'Ogre::AutoParamDataSource'
C:\Users\windo\Documents\Projects\holostrike\holostrike\build\OGRE\OgrePrerequisites.h(255): message : see declaration of 'Ogre::Vector<4,Ogre::Real>'
C:\Users\windo\Documents\Projects\holostrike\holostrike\build\OGRE\OgreAutoParamDataSource.h(108,18): warning C4251: 'Ogre::AutoParamDataSource::mFogParams': class 'Ogre::Vector<4,Ogre::Real>' needs to have dll-interface to be used by clients of class 'Ogre::AutoParamDataSource'
C:\Users\windo\Documents\Projects\holostrike\holostrike\build\OGRE\OgrePrerequisites.h(255): message : see declaration of 'Ogre::Vector<4,Ogre::Real>'
C:\Users\windo\Documents\Projects\holostrike\holostrike\build\OGRE\OgreAutoParamDataSource.h(109,18): warning C4251: 'Ogre::AutoParamDataSource::mPointParams': class 'Ogre::Vector<4,Ogre::Real>' needs to have dll-interface to be used by clients of class 'Ogre::AutoParamDataSource'
C:\Users\windo\Documents\Projects\holostrike\holostrike\build\OGRE\OgrePrerequisites.h(255): message : see declaration of 'Ogre::Vector<4,Ogre::Real>'
C:\Users\windo\Documents\Projects\holostrike\holostrike\build\OGRE\OgreAutoParamDataSource.h(111,25): warning C4251: 'Ogre::AutoParamDataSource::mSceneDepthRange': class 'Ogre::Vector<4,Ogre::Real>' needs to have dll-interface to be used by clients of class 'Ogre::AutoParamDataSource'
C:\Users\windo\Documents\Projects\holostrike\holostrike\build\OGRE\OgrePrerequisites.h(255): message : see declaration of 'Ogre::Vector<4,Ogre::Real>'
C:\Users\windo\Documents\Projects\holostrike\holostrike\build\OGRE\OgreAutoParamDataSource.h(119,17): warning C4251: 'Ogre::AutoParamDataSource::mCameraRelativePosition': class 'Ogre::Vector<3,Ogre::Real>' needs to have dll-interface to be used by clients of class 'Ogre::AutoParamDataSource'
C:\Users\windo\Documents\Projects\holostrike\holostrike\build\OGRE\OgrePrerequisites.h(252): message : see declaration of 'Ogre::Vector<3,Ogre::Real>'
C:\Users\windo\Documents\Projects\holostrike\holostrike\build\OGRE\OgreTextureManager.h(421,20): warning C4251: 'Ogre::TextureManager::mWarningTexture': class 'Ogre::SharedPtr<Ogre::Texture>' needs to have dll-interface to be used by clients of class 'Ogre::TextureManager'
C:\Users\windo\Documents\Projects\holostrike\holostrike\build\OGRE\OgrePrerequisites.h(299): message : see declaration of 'Ogre::SharedPtr<Ogre::Texture>'
C:\Users\windo\Documents\Projects\holostrike\holostrike\build\OGRE\OgreTextureManager.h(422,20): warning C4251: 'Ogre::TextureManager::mDefaultSampler': class 'std::shared_ptr<Ogre::Sampler>' needs to have dll-interface to be used by clients of class 'Ogre::TextureManager'
C:\Users\windo\Documents\Projects\holostrike\holostrike\build\OGRE\OgreTextureUnitState.h(225): message : see declaration of 'std::shared_ptr<Ogre::Sampler>'
C:\Users\windo\Documents\Projects\holostrike\holostrike\build\OGRE\OgreTextureManager.h(423,38): warning C4251: 'Ogre::TextureManager::mNamedSamplers': class 'std::map<Ogre::String,Ogre::SamplerPtr,std::less<Ogre::String>,std::allocator<std::pair<const Ogre::String,Ogre::SamplerPtr>>>' needs to have dll-interface to be used by clients of class 'Ogre::TextureManager'
C:\Users\windo\Documents\Projects\holostrike\holostrike\build\OGRE\OgreTextureManager.h(423): message : see declaration of 'std::map<Ogre::String,Ogre::SamplerPtr,std::less<Ogre::String>,std::allocator<std::pair<const Ogre::String,Ogre::SamplerPtr>>>'
C:\Users\windo\Documents\Projects\holostrike\holostrike\build\OGRE\OgreTimer.h(41,47): warning C4251: 'Ogre::Timer::start': class 'std::chrono::time_point<std::chrono::steady_clock,std::chrono::nanoseconds>' needs to have dll-interface to be used by clients of class 'Ogre::Timer'
C:\Program Files (x86)\Microsoft Visual Studio\2019\Community\VC\Tools\MSVC\14.29.30133\include\__msvc_chrono.hpp(666): message : see declaration of 'std::chrono::time_point<std::chrono::steady_clock,std::chrono::nanoseconds>'
C:\Users\windo\Documents\Projects\holostrike\holostrike\build\OGRE\Bites\OgreStaticPluginLoader.h(27,36): warning C4251: 'OgreBites::StaticPluginLoader::mPlugins': class 'std::vector<Ogre::Plugin *,std::allocator<Ogre::Plugin *>>' needs to have dll-interface to be used by clients of class 'OgreBites::StaticPluginLoader'
C:\Users\windo\Documents\Projects\holostrike\holostrike\build\OGRE\OgreRoot.h(74): message : see declaration of 'std::vector<Ogre::Plugin *,std::allocator<Ogre::Plugin *>>'
C:\Users\windo\Documents\Projects\holostrike\holostrike\build\OGRE\RTShaderSystem\OgreShaderProgramManager.h(173,25): warning C4251: 'Ogre::RTShader::ProgramManager::mProgramProcessorsMap': class 'std::map<Ogre::String,Ogre::RTShader::ProgramProcessor *,std::less<Ogre::String>,std::allocator<std::pair<const Ogre::String,Ogre::RTShader::ProgramProcessor *>>>' needs to have dll-interface to be used by clients of class 'Ogre::RTShader::ProgramManager'
C:\Users\windo\Documents\Projects\holostrike\holostrike\build\OGRE\RTShaderSystem\OgreShaderProgramManager.h(105): message : see declaration of 'std::map<Ogre::String,Ogre::RTShader::ProgramProcessor *,std::less<Ogre::String>,std::allocator<std::pair<const Ogre::String,Ogre::RTShader::ProgramProcessor *>>>'
C:\Users\windo\Documents\Projects\holostrike\holostrike\build\OGRE\RTShaderSystem\OgreShaderProgramManager.h(175,30): warning C4251: 'Ogre::RTShader::ProgramManager::mProgramWriterFactories': class 'std::vector<Ogre::RTShader::ProgramWriterFactory *,std::allocator<Ogre::RTShader::ProgramWriterFactory *>>' needs to have dll-interface to be used by clients of class 'Ogre::RTShader::ProgramManager'
C:\Users\windo\Documents\Projects\holostrike\holostrike\build\OGRE\RTShaderSystem\OgreShaderProgramManager.h(102): message : see declaration of 'std::vector<Ogre::RTShader::ProgramWriterFactory *,std::allocator<Ogre::RTShader::ProgramWriterFactory *>>'
C:\Users\windo\Documents\Projects\holostrike\holostrike\build\OGRE\RTShaderSystem\OgreShaderProgramManager.h(177,32): warning C4251: 'Ogre::RTShader::ProgramManager::mShaderList': class 'std::vector<Ogre::GpuProgramPtr,std::allocator<Ogre::GpuProgramPtr>>' needs to have dll-interface to be used by clients of class 'Ogre::RTShader::ProgramManager'
C:\Users\windo\Documents\Projects\holostrike\holostrike\build\OGRE\RTShaderSystem\OgreShaderProgramManager.h(177): message : see declaration of 'std::vector<Ogre::GpuProgramPtr,std::allocator<Ogre::GpuProgramPtr>>'
C:\Users\windo\Documents\Projects\holostrike\holostrike\build\OGRE\RTShaderSystem\OgreShaderProgramManager.h(179,26): warning C4251: 'Ogre::RTShader::ProgramManager::mDefaultProgramProcessors': class 'std::vector<Ogre::RTShader::ProgramProcessor *,std::allocator<Ogre::RTShader::ProgramProcessor *>>' needs to have dll-interface to be used by clients of class 'Ogre::RTShader::ProgramManager'
C:\Users\windo\Documents\Projects\holostrike\holostrike\build\OGRE\RTShaderSystem\OgreShaderProgramManager.h(108): message : see declaration of 'std::vector<Ogre::RTShader::ProgramProcessor *,std::allocator<Ogre::RTShader::ProgramProcessor *>>'
C:\Users\windo\Documents\Projects\holostrike\holostrike\build\OGRE\RTShaderSystem\OgreShaderParameter.h(388,12): warning C4251: 'Ogre::RTShader::Parameter::mName': class 'std::basic_string<char,std::char_traits<char>,std::allocator<char>>' needs to have dll-interface to be used by clients of class 'Ogre::RTShader::Parameter'
C:\Program Files (x86)\Microsoft Visual Studio\2019\Community\VC\Tools\MSVC\14.29.30133\include\xstring(4871): message : see declaration of 'std::basic_string<char,std::char_traits<char>,std::allocator<char>>'
C:\Users\windo\Documents\Projects\holostrike\holostrike\build\OGRE\RTShaderSystem\OgreShaderParameter.h(391,12): warning C4251: 'Ogre::RTShader::Parameter::mBindName': class 'std::basic_string<char,std::char_traits<char>,std::allocator<char>>' needs to have dll-interface to be used by clients of class 'Ogre::RTShader::Parameter'
C:\Program Files (x86)\Microsoft Visual Studio\2019\Community\VC\Tools\MSVC\14.29.30133\include\xstring(4871): message : see declaration of 'std::basic_string<char,std::char_traits<char>,std::allocator<char>>'
C:\Users\windo\Documents\Projects\holostrike\holostrike\build\OGRE\RTShaderSystem\OgreShaderParameter.h(397,12): warning C4251: 'Ogre::RTShader::Parameter::mStructType': class 'std::basic_string<char,std::char_traits<char>,std::allocator<char>>' needs to have dll-interface to be used by clients of class 'Ogre::RTShader::Parameter'
C:\Program Files (x86)\Microsoft Visual Studio\2019\Community\VC\Tools\MSVC\14.29.30133\include\xstring(4871): message : see declaration of 'std::basic_string<char,std::char_traits<char>,std::allocator<char>>'
C:\Users\windo\Documents\Projects\holostrike\holostrike\build\OGRE\RTShaderSystem\OgreShaderParameter.h(467,43): warning C4267: 'return': conversion from 'size_t' to 'Ogre::uint32', possible loss of data
C:\Users\windo\Documents\Projects\holostrike\holostrike\build\OGRE\RTShaderSystem\OgreShaderProgramWriter.h(97,29): warning C4251: 'Ogre::RTShader::ProgramWriter::mGpuConstTypeMap': class 'std::map<Ogre::GpuConstantType,const char *,std::less<Ogre::GpuConstantType>,std::allocator<std::pair<const Ogre::GpuConstantType,const char *>>>' needs to have dll-interface to be used by clients of class 'Ogre::RTShader::ProgramWriter'
C:\Users\windo\Documents\Projects\holostrike\holostrike\build\OGRE\RTShaderSystem\OgreShaderProgramWriter.h(94): message : see declaration of 'std::map<Ogre::GpuConstantType,const char *,std::less<Ogre::GpuConstantType>,std::allocator<std::pair<const Ogre::GpuConstantType,const char *>>>'
C:\Users\windo\Documents\Projects\holostrike\holostrike\build\OGRE\RTShaderSystem\OgreShaderProgramWriter.h(99,30): warning C4251: 'Ogre::RTShader::ProgramWriter::mParamSemanticMap': class 'std::map<Ogre::RTShader::Parameter::Semantic,const char *,std::less<Ogre::RTShader::Parameter::Semantic>,std::allocator<std::pair<const Ogre::RTShader::Parameter::Semantic,const char *>>>' needs to have dll-interface to be used by clients of class 'Ogre::RTShader::ProgramWriter'
C:\Users\windo\Documents\Projects\holostrike\holostrike\build\OGRE\RTShaderSystem\OgreShaderProgramWriter.h(95): message : see declaration of 'std::map<Ogre::RTShader::Parameter::Semantic,const char *,std::less<Ogre::RTShader::Parameter::Semantic>,std::allocator<std::pair<const Ogre::RTShader::Parameter::Semantic,const char *>>>'
C:\Users\windo\Documents\Projects\holostrike\holostrike\build\OGRE\RTShaderSystem\OgreShaderProgramWriter.h(101,22): warning C4251: 'Ogre::RTShader::ProgramWriter::mLocalRenames': class 'std::set<Ogre::String,std::less<Ogre::String>,std::allocator<Ogre::String>>' needs to have dll-interface to be used by clients of class 'Ogre::RTShader::ProgramWriter'
C:\Users\windo\Documents\Projects\holostrike\holostrike\build\OGRE\OgreRenderSystemCapabilities.h(258): message : see declaration of 'std::set<Ogre::String,std::less<Ogre::String>,std::allocator<Ogre::String>>'
C:\Users\windo\Documents\Projects\holostrike\holostrike\build\OGRE\RTShaderSystem\OgreShaderSubRenderState.h(186,39): warning C4251: 'Ogre::RTShader::SubRenderState::mThisAccessor': class 'Ogre::SharedPtr<Ogre::RTShader::SubRenderStateAccessor>' needs to have dll-interface to be used by clients of class 'Ogre::RTShader::SubRenderState'
C:\Users\windo\Documents\Projects\holostrike\holostrike\build\OGRE\RTShaderSystem\OgreShaderSubRenderState.h(43): message : see declaration of 'Ogre::SharedPtr<Ogre::RTShader::SubRenderStateAccessor>'
C:\Users\windo\Documents\Projects\holostrike\holostrike\build\OGRE\RTShaderSystem\OgreShaderSubRenderState.h(188,31): warning C4251: 'Ogre::RTShader::SubRenderState::mOtherAccessor': class 'Ogre::SharedPtr<Ogre::RTShader::SubRenderStateAccessor>' needs to have dll-interface to be used by clients of class 'Ogre::RTShader::SubRenderState'
C:\Users\windo\Documents\Projects\holostrike\holostrike\build\OGRE\RTShaderSystem\OgreShaderSubRenderState.h(43): message : see declaration of 'Ogre::SharedPtr<Ogre::RTShader::SubRenderStateAccessor>'
C:\Users\windo\Documents\Projects\holostrike\holostrike\build\OGRE\RTShaderSystem\OgreShaderSubRenderState.h(243,31): warning C4251: 'Ogre::RTShader::SubRenderStateAccessor::mSubRenderStateInstancesSet': class 'std::set<Ogre::RTShader::SubRenderState *,std::less<Ogre::RTShader::SubRenderState *>,std::allocator<Ogre::RTShader::SubRenderState *>>' needs to have dll-interface to be used by clients of class 'Ogre::RTShader::SubRenderStateAccessor'
C:\Users\windo\Documents\Projects\holostrike\holostrike\build\OGRE\RTShaderSystem\OgreShaderSubRenderState.h(196): message : see declaration of 'std::set<Ogre::RTShader::SubRenderState *,std::less<Ogre::RTShader::SubRenderState *>,std::allocator<Ogre::RTShader::SubRenderState *>>'
C:\Users\windo\Documents\Projects\holostrike\holostrike\build\OGRE\RTShaderSystem\OgreShaderSubRenderState.h(348,23): warning C4251: 'Ogre::RTShader::SubRenderStateFactory::mSubRenderStateList': class 'std::set<Ogre::RTShader::SubRenderState *,std::less<Ogre::RTShader::SubRenderState *>,std::allocator<Ogre::RTShader::SubRenderState *>>' needs to have dll-interface to be used by clients of class 'Ogre::RTShader::SubRenderStateFactory'
C:\Users\windo\Documents\Projects\holostrike\holostrike\build\OGRE\RTShaderSystem\OgreShaderSubRenderState.h(196): message : see declaration of 'std::set<Ogre::RTShader::SubRenderState *,std::less<Ogre::RTShader::SubRenderState *>,std::allocator<Ogre::RTShader::SubRenderState *>>'
C:\Users\windo\Documents\Projects\holostrike\holostrike\build\OGRE\RTShaderSystem\OgreShaderProgramSet.h(69,30): warning C4251: 'Ogre::RTShader::ProgramSet::mVSCpuProgram': class 'std::unique_ptr<Ogre::RTShader::Program,std::default_delete<Ogre::RTShader::Program>>' needs to have dll-interface to be used by clients of class 'Ogre::RTShader::ProgramSet'
C:\Users\windo\Documents\Projects\holostrike\holostrike\build\OGRE\RTShaderSystem\OgreShaderProgramSet.h(65): message : see declaration of 'std::unique_ptr<Ogre::RTShader::Program,std::default_delete<Ogre::RTShader::Program>>'
C:\Users\windo\Documents\Projects\holostrike\holostrike\build\OGRE\RTShaderSystem\OgreShaderProgramSet.h(71,30): warning C4251: 'Ogre::RTShader::ProgramSet::mPSCpuProgram': class 'std::unique_ptr<Ogre::RTShader::Program,std::default_delete<Ogre::RTShader::Program>>' needs to have dll-interface to be used by clients of class 'Ogre::RTShader::ProgramSet'
C:\Users\windo\Documents\Projects\holostrike\holostrike\build\OGRE\RTShaderSystem\OgreShaderProgramSet.h(65): message : see declaration of 'std::unique_ptr<Ogre::RTShader::Program,std::default_delete<Ogre::RTShader::Program>>'
C:\Users\windo\Documents\Projects\holostrike\holostrike\build\OGRE\RTShaderSystem\OgreShaderProgramSet.h(73,19): warning C4251: 'Ogre::RTShader::ProgramSet::mVSGpuProgram': class 'Ogre::SharedPtr<Ogre::GpuProgram>' needs to have dll-interface to be used by clients of class 'Ogre::RTShader::ProgramSet'
C:\Users\windo\Documents\Projects\holostrike\holostrike\build\OGRE\OgrePrerequisites.h(282): message : see declaration of 'Ogre::SharedPtr<Ogre::GpuProgram>'
C:\Users\windo\Documents\Projects\holostrike\holostrike\build\OGRE\RTShaderSystem\OgreShaderProgramSet.h(75,19): warning C4251: 'Ogre::RTShader::ProgramSet::mPSGpuProgram': class 'Ogre::SharedPtr<Ogre::GpuProgram>' needs to have dll-interface to be used by clients of class 'Ogre::RTShader::ProgramSet'
C:\Users\windo\Documents\Projects\holostrike\holostrike\build\OGRE\OgrePrerequisites.h(282): message : see declaration of 'Ogre::SharedPtr<Ogre::GpuProgram>'
C:\Users\windo\Documents\Projects\holostrike\holostrike\build\OGRE\RTShaderSystem\OgreShaderRenderState.h(123,24): warning C4251: 'Ogre::RTShader::RenderState::mSubRenderStateList': class 'std::vector<Ogre::RTShader::SubRenderState *,std::allocator<Ogre::RTShader::SubRenderState *>>' needs to have dll-interface to be used by clients of class 'Ogre::RTShader::RenderState'
C:\Users\windo\Documents\Projects\holostrike\holostrike\build\OGRE\RTShaderSystem\OgreShaderSubRenderState.h(192): message : see declaration of 'std::vector<Ogre::RTShader::SubRenderState *,std::allocator<Ogre::RTShader::SubRenderState *>>'
C:\Users\windo\Documents\Projects\holostrike\holostrike\build\OGRE\RTShaderSystem\OgreShaderRenderState.h(125,14): warning C4251: 'Ogre::RTShader::RenderState::mLightCount': class 'Ogre::Vector<3,int>' needs to have dll-interface to be used by clients of class 'Ogre::RTShader::RenderState'
C:\Users\windo\Documents\Projects\holostrike\holostrike\build\OGRE\OgrePrerequisites.h(254): message : see declaration of 'Ogre::Vector<3,int>'
C:\Users\windo\Documents\Projects\holostrike\holostrike\build\OGRE\RTShaderSystem\OgreShaderRenderState.h(206,33): warning C4251: 'Ogre::RTShader::TargetRenderState::mProgramSet': class 'std::unique_ptr<Ogre::RTShader::ProgramSet,std::default_delete<Ogre::RTShader::ProgramSet>>' needs to have dll-interface to be used by clients of class 'Ogre::RTShader::TargetRenderState'
C:\Users\windo\Documents\Projects\holostrike\holostrike\build\OGRE\RTShaderSystem\OgreShaderRenderState.h(206): message : see declaration of 'std::unique_ptr<Ogre::RTShader::ProgramSet,std::default_delete<Ogre::RTShader::ProgramSet>>'
C:\Users\windo\Documents\Projects\holostrike\holostrike\build\OGRE\RTShaderSystem\OgreShaderGenerator.h(444,19): warning C4251: 'Ogre::RTShader::ShaderGenerator::DEFAULT_SCHEME_NAME': class 'std::basic_string<char,std::char_traits<char>,std::allocator<char>>' needs to have dll-interface to be used by clients of class 'Ogre::RTShader::ShaderGenerator'
C:\Program Files (x86)\Microsoft Visual Studio\2019\Community\VC\Tools\MSVC\14.29.30133\include\xstring(4871): message : see declaration of 'std::basic_string<char,std::char_traits<char>,std::allocator<char>>'
C:\Users\windo\Documents\Projects\holostrike\holostrike\build\OGRE\RTShaderSystem\OgreShaderGenerator.h(582,23): warning C4251: 'Ogre::RTShader::ShaderGenerator::SGTechnique::UserKey': class 'std::basic_string<char,std::char_traits<char>,std::allocator<char>>' needs to have dll-interface to be used by clients of class 'Ogre::RTShader::ShaderGenerator::SGTechnique'
C:\Program Files (x86)\Microsoft Visual Studio\2019\Community\VC\Tools\MSVC\14.29.30133\include\xstring(4871): message : see declaration of 'std::basic_string<char,std::char_traits<char>,std::allocator<char>>'
C:\Users\windo\Documents\Projects\holostrike\holostrike\build\OGRE\RTShaderSystem\OgreShaderGenerator.h(605,20): warning C4251: 'Ogre::RTShader::ShaderGenerator::SGTechnique::mPassEntries': class 'std::vector<Ogre::RTShader::ShaderGenerator::SGPass *,std::allocator<Ogre::RTShader::ShaderGenerator::SGPass *>>' needs to have dll-interface to be used by clients of class 'Ogre::RTShader::ShaderGenerator::SGTechnique'
C:\Users\windo\Documents\Projects\holostrike\holostrike\build\OGRE\RTShaderSystem\OgreShaderGenerator.h(463): message : see declaration of 'std::vector<Ogre::RTShader::ShaderGenerator::SGPass *,std::allocator<Ogre::RTShader::ShaderGenerator::SGPass *>>'
C:\Users\windo\Documents\Projects\holostrike\holostrike\build\OGRE\RTShaderSystem\OgreShaderGenerator.h(608,25): warning C4251: 'Ogre::RTShader::ShaderGenerator::SGTechnique::mCustomRenderStates': class 'std::vector<Ogre::RTShader::RenderState *,std::allocator<Ogre::RTShader::RenderState *>>' needs to have dll-interface to be used by clients of class 'Ogre::RTShader::ShaderGenerator::SGTechnique'
C:\Users\windo\Documents\Projects\holostrike\holostrike\build\OGRE\RTShaderSystem\OgreShaderGenerator.h(607): message : see declaration of 'std::vector<Ogre::RTShader::RenderState *,std::allocator<Ogre::RTShader::RenderState *>>'
C:\Users\windo\Documents\Projects\holostrike\holostrike\build\OGRE\RTShaderSystem\OgreShaderGenerator.h(612,16): warning C4251: 'Ogre::RTShader::ShaderGenerator::SGTechnique::mDstTechniqueSchemeName': class 'std::basic_string<char,std::char_traits<char>,std::allocator<char>>' needs to have dll-interface to be used by clients of class 'Ogre::RTShader::ShaderGenerator::SGTechnique'
C:\Program Files (x86)\Microsoft Visual Studio\2019\Community\VC\Tools\MSVC\14.29.30133\include\xstring(4871): message : see declaration of 'std::basic_string<char,std::char_traits<char>,std::allocator<char>>'
C:\Users\windo\Documents\Projects\holostrike\holostrike\build\OGRE\RTShaderSystem\OgreShaderGenerator.h(640,16): warning C4251: 'Ogre::RTShader::ShaderGenerator::SGMaterial::mName': class 'std::basic_string<char,std::char_traits<char>,std::allocator<char>>' needs to have dll-interface to be used by clients of class 'Ogre::RTShader::ShaderGenerator::SGMaterial'
C:\Program Files (x86)\Microsoft Visual Studio\2019\Community\VC\Tools\MSVC\14.29.30133\include\xstring(4871): message : see declaration of 'std::basic_string<char,std::char_traits<char>,std::allocator<char>>'
C:\Users\windo\Documents\Projects\holostrike\holostrike\build\OGRE\RTShaderSystem\OgreShaderGenerator.h(642,16): warning C4251: 'Ogre::RTShader::ShaderGenerator::SGMaterial::mGroup': class 'std::basic_string<char,std::char_traits<char>,std::allocator<char>>' needs to have dll-interface to be used by clients of class 'Ogre::RTShader::ShaderGenerator::SGMaterial'
C:\Program Files (x86)\Microsoft Visual Studio\2019\Community\VC\Tools\MSVC\14.29.30133\include\xstring(4871): message : see declaration of 'std::basic_string<char,std::char_traits<char>,std::allocator<char>>'
C:\Users\windo\Documents\Projects\holostrike\holostrike\build\OGRE\RTShaderSystem\OgreShaderGenerator.h(644,25): warning C4251: 'Ogre::RTShader::ShaderGenerator::SGMaterial::mTechniqueEntries': class 'std::vector<Ogre::RTShader::ShaderGenerator::SGTechnique *,std::allocator<Ogre::RTShader::ShaderGenerator::SGTechnique *>>' needs to have dll-interface to be used by clients of class 'Ogre::RTShader::ShaderGenerator::SGMaterial'
C:\Users\windo\Documents\Projects\holostrike\holostrike\build\OGRE\RTShaderSystem\OgreShaderGenerator.h(467): message : see declaration of 'std::vector<Ogre::RTShader::ShaderGenerator::SGTechnique *,std::allocator<Ogre::RTShader::ShaderGenerator::SGTechnique *>>'
C:\Users\windo\Documents\Projects\holostrike\holostrike\build\OGRE\RTShaderSystem\OgreShaderGenerator.h(717,16): warning C4251: 'Ogre::RTShader::ShaderGenerator::SGScheme::mName': class 'std::basic_string<char,std::char_traits<char>,std::allocator<char>>' needs to have dll-interface to be used by clients of class 'Ogre::RTShader::ShaderGenerator::SGScheme'
C:\Program Files (x86)\Microsoft Visual Studio\2019\Community\VC\Tools\MSVC\14.29.30133\include\xstring(4871): message : see declaration of 'std::basic_string<char,std::char_traits<char>,std::allocator<char>>'
C:\Users\windo\Documents\Projects\holostrike\holostrike\build\OGRE\RTShaderSystem\OgreShaderGenerator.h(719,25): warning C4251: 'Ogre::RTShader::ShaderGenerator::SGScheme::mTechniqueEntries': class 'std::vector<Ogre::RTShader::ShaderGenerator::SGTechnique *,std::allocator<Ogre::RTShader::ShaderGenerator::SGTechnique *>>' needs to have dll-interface to be used by clients of class 'Ogre::RTShader::ShaderGenerator::SGScheme'
C:\Users\windo\Documents\Projects\holostrike\holostrike\build\OGRE\RTShaderSystem\OgreShaderGenerator.h(467): message : see declaration of 'std::vector<Ogre::RTShader::ShaderGenerator::SGTechnique *,std::allocator<Ogre::RTShader::ShaderGenerator::SGTechnique *>>'
C:\Users\windo\Documents\Projects\holostrike\holostrike\build\OGRE\RTShaderSystem\OgreShaderGenerator.h(723,38): warning C4251: 'Ogre::RTShader::ShaderGenerator::SGScheme::mRenderState': class 'std::unique_ptr<Ogre::RTShader::RenderState,std::default_delete<Ogre::RTShader::RenderState>>' needs to have dll-interface to be used by clients of class 'Ogre::RTShader::ShaderGenerator::SGScheme'
C:\Users\windo\Documents\Projects\holostrike\holostrike\build\OGRE\RTShaderSystem\OgreShaderGenerator.h(723): message : see declaration of 'std::unique_ptr<Ogre::RTShader::RenderState,std::default_delete<Ogre::RTShader::RenderState>>'
C:\Users\windo\Documents\Projects\holostrike\holostrike\build\OGRE\RTShaderSystem\OgreShaderGenerator.h(814,21): warning C4251: 'Ogre::RTShader::ShaderGenerator::mSceneManagerMap': class 'std::set<Ogre::SceneManager *,std::less<Ogre::SceneManager *>,std::allocator<Ogre::SceneManager *>>' needs to have dll-interface to be used by clients of class 'Ogre::RTShader::ShaderGenerator'
C:\Users\windo\Documents\Projects\holostrike\holostrike\build\OGRE\RTShaderSystem\OgreShaderGenerator.h(734): message : see declaration of 'std::set<Ogre::SceneManager *,std::less<Ogre::SceneManager *>,std::allocator<Ogre::SceneManager *>>'
C:\Users\windo\Documents\Projects\holostrike\holostrike\build\OGRE\RTShaderSystem\OgreShaderGenerator.h(816,45): warning C4251: 'Ogre::RTShader::ShaderGenerator::mRenderObjectListener': class 'std::unique_ptr<Ogre::RTShader::SGRenderObjectListener,std::default_delete<Ogre::RTShader::SGRenderObjectListener>>' needs to have dll-interface to be used by clients of class 'Ogre::RTShader::ShaderGenerator'
C:\Users\windo\Documents\Projects\holostrike\holostrike\build\OGRE\RTShaderSystem\OgreShaderGenerator.h(816): message : see declaration of 'std::unique_ptr<Ogre::RTShader::SGRenderObjectListener,std::default_delete<Ogre::RTShader::SGRenderObjectListener>>'
C:\Users\windo\Documents\Projects\holostrike\holostrike\build\OGRE\RTShaderSystem\OgreShaderGenerator.h(818,45): warning C4251: 'Ogre::RTShader::ShaderGenerator::mSceneManagerListener': class 'std::unique_ptr<Ogre::RTShader::SGSceneManagerListener,std::default_delete<Ogre::RTShader::SGSceneManagerListener>>' needs to have dll-interface to be used by clients of class 'Ogre::RTShader::ShaderGenerator'
C:\Users\windo\Documents\Projects\holostrike\holostrike\build\OGRE\RTShaderSystem\OgreShaderGenerator.h(818): message : see declaration of 'std::unique_ptr<Ogre::RTShader::SGSceneManagerListener,std::default_delete<Ogre::RTShader::SGSceneManagerListener>>'
C:\Users\windo\Documents\Projects\holostrike\holostrike\build\OGRE\RTShaderSystem\OgreShaderGenerator.h(820,48): warning C4251: 'Ogre::RTShader::ShaderGenerator::mScriptTranslatorManager': class 'std::unique_ptr<Ogre::RTShader::SGScriptTranslatorManager,std::default_delete<Ogre::RTShader::SGScriptTranslatorManager>>' needs to have dll-interface to be used by clients of class 'Ogre::RTShader::ShaderGenerator'
C:\Users\windo\Documents\Projects\holostrike\holostrike\build\OGRE\RTShaderSystem\OgreShaderGenerator.h(820): message : see declaration of 'std::unique_ptr<Ogre::RTShader::SGScriptTranslatorManager,std::default_delete<Ogre::RTShader::SGScriptTranslatorManager>>'
C:\Users\windo\Documents\Projects\holostrike\holostrike\build\OGRE\RTShaderSystem\OgreShaderGenerator.h(822,51): warning C4251: 'Ogre::RTShader::ShaderGenerator::mMaterialSerializerListener': class 'std::unique_ptr<Ogre::RTShader::SGMaterialSerializerListener,std::default_delete<Ogre::RTShader::SGMaterialSerializerListener>>' needs to have dll-interface to be used by clients of class 'Ogre::RTShader::ShaderGenerator'
C:\Users\windo\Documents\Projects\holostrike\holostrike\build\OGRE\RTShaderSystem\OgreShaderGenerator.h(822): message : see declaration of 'std::unique_ptr<Ogre::RTShader::SGMaterialSerializerListener,std::default_delete<Ogre::RTShader::SGMaterialSerializerListener>>'
C:\Users\windo\Documents\Projects\holostrike\holostrike\build\OGRE\RTShaderSystem\OgreShaderGenerator.h(824,46): warning C4251: 'Ogre::RTShader::ShaderGenerator::mResourceGroupListener': class 'std::unique_ptr<Ogre::RTShader::SGResourceGroupListener,std::default_delete<Ogre::RTShader::SGResourceGroupListener>>' needs to have dll-interface to be used by clients of class 'Ogre::RTShader::ShaderGenerator'
C:\Users\windo\Documents\Projects\holostrike\holostrike\build\OGRE\RTShaderSystem\OgreShaderGenerator.h(824): message : see declaration of 'std::unique_ptr<Ogre::RTShader::SGResourceGroupListener,std::default_delete<Ogre::RTShader::SGResourceGroupListener>>'
C:\Users\windo\Documents\Projects\holostrike\holostrike\build\OGRE\RTShaderSystem\OgreShaderGenerator.h(828,12): warning C4251: 'Ogre::RTShader::ShaderGenerator::mShaderLanguage': class 'std::basic_string<char,std::char_traits<char>,std::allocator<char>>' needs to have dll-interface to be used by clients of class 'Ogre::RTShader::ShaderGenerator'
C:\Program Files (x86)\Microsoft Visual Studio\2019\Community\VC\Tools\MSVC\14.29.30133\include\xstring(4871): message : see declaration of 'std::basic_string<char,std::char_traits<char>,std::allocator<char>>'
C:\Users\windo\Documents\Projects\holostrike\holostrike\build\OGRE\RTShaderSystem\OgreShaderGenerator.h(830,12): warning C4251: 'Ogre::RTShader::ShaderGenerator::mVertexShaderProfiles': class 'std::basic_string<char,std::char_traits<char>,std::allocator<char>>' needs to have dll-interface to be used by clients of class 'Ogre::RTShader::ShaderGenerator'
C:\Program Files (x86)\Microsoft Visual Studio\2019\Community\VC\Tools\MSVC\14.29.30133\include\xstring(4871): message : see declaration of 'std::basic_string<char,std::char_traits<char>,std::allocator<char>>'
C:\Users\windo\Documents\Projects\holostrike\holostrike\build\OGRE\RTShaderSystem\OgreShaderGenerator.h(832,12): warning C4251: 'Ogre::RTShader::ShaderGenerator::mFragmentShaderProfiles': class 'std::basic_string<char,std::char_traits<char>,std::allocator<char>>' needs to have dll-interface to be used by clients of class 'Ogre::RTShader::ShaderGenerator'
C:\Program Files (x86)\Microsoft Visual Studio\2019\Community\VC\Tools\MSVC\14.29.30133\include\xstring(4871): message : see declaration of 'std::basic_string<char,std::char_traits<char>,std::allocator<char>>'
C:\Users\windo\Documents\Projects\holostrike\holostrike\build\OGRE\RTShaderSystem\OgreShaderGenerator.h(834,12): warning C4251: 'Ogre::RTShader::ShaderGenerator::mShaderCachePath': class 'std::basic_string<char,std::char_traits<char>,std::allocator<char>>' needs to have dll-interface to be used by clients of class 'Ogre::RTShader::ShaderGenerator'
C:\Program Files (x86)\Microsoft Visual Studio\2019\Community\VC\Tools\MSVC\14.29.30133\include\xstring(4871): message : see declaration of 'std::basic_string<char,std::char_traits<char>,std::allocator<char>>'
C:\Users\windo\Documents\Projects\holostrike\holostrike\build\OGRE\RTShaderSystem\OgreShaderGenerator.h(836,37): warning C4251: 'Ogre::RTShader::ShaderGenerator::mProgramManager': class 'std::unique_ptr<Ogre::RTShader::ProgramManager,std::default_delete<Ogre::RTShader::ProgramManager>>' needs to have dll-interface to be used by clients of class 'Ogre::RTShader::ShaderGenerator'
C:\Users\windo\Documents\Projects\holostrike\holostrike\build\OGRE\RTShaderSystem\OgreShaderGenerator.h(836): message : see declaration of 'std::unique_ptr<Ogre::RTShader::ProgramManager,std::default_delete<Ogre::RTShader::ProgramManager>>'
C:\Users\windo\Documents\Projects\holostrike\holostrike\build\OGRE\RTShaderSystem\OgreShaderGenerator.h(838,43): warning C4251: 'Ogre::RTShader::ShaderGenerator::mProgramWriterManager': class 'std::unique_ptr<Ogre::RTShader::ProgramWriterManager,std::default_delete<Ogre::RTShader::ProgramWriterManager>>' needs to have dll-interface to be used by clients of class 'Ogre::RTShader::ShaderGenerator'
C:\Users\windo\Documents\Projects\holostrike\holostrike\build\OGRE\RTShaderSystem\OgreShaderGenerator.h(838): message : see declaration of 'std::unique_ptr<Ogre::RTShader::ProgramWriterManager,std::default_delete<Ogre::RTShader::ProgramWriterManager>>'
C:\Users\windo\Documents\Projects\holostrike\holostrike\build\OGRE\RTShaderSystem\OgreShaderGenerator.h(842,19): warning C4251: 'Ogre::RTShader::ShaderGenerator::mMaterialEntriesMap': class 'std::map<Ogre::RTShader::ShaderGenerator::MatGroupPair,Ogre::RTShader::ShaderGenerator::SGMaterial *,Ogre::RTShader::ShaderGenerator::MatGroupPair_less,std::allocator<std::pair<const Ogre::RTShader::ShaderGenerator::MatGroupPair,Ogre::RTShader::ShaderGenerator::SGMaterial *>>>' needs to have dll-interface to be used by clients of class 'Ogre::RTShader::ShaderGenerator'
C:\Users\windo\Documents\Projects\holostrike\holostrike\build\OGRE\RTShaderSystem\OgreShaderGenerator.h(474): message : see declaration of 'std::map<Ogre::RTShader::ShaderGenerator::MatGroupPair,Ogre::RTShader::ShaderGenerator::SGMaterial *,Ogre::RTShader::ShaderGenerator::MatGroupPair_less,std::allocator<std::pair<const Ogre::RTShader::ShaderGenerator::MatGroupPair,Ogre::RTShader::ShaderGenerator::SGMaterial *>>>'
C:\Users\windo\Documents\Projects\holostrike\holostrike\build\OGRE\RTShaderSystem\OgreShaderGenerator.h(844,17): warning C4251: 'Ogre::RTShader::ShaderGenerator::mSchemeEntriesMap': class 'std::map<Ogre::String,Ogre::RTShader::ShaderGenerator::SGScheme *,std::less<Ogre::String>,std::allocator<std::pair<const Ogre::String,Ogre::RTShader::ShaderGenerator::SGScheme *>>>' needs to have dll-interface to be used by clients of class 'Ogre::RTShader::ShaderGenerator'
C:\Users\windo\Documents\Projects\holostrike\holostrike\build\OGRE\RTShaderSystem\OgreShaderGenerator.h(478): message : see declaration of 'std::map<Ogre::String,Ogre::RTShader::ShaderGenerator::SGScheme *,std::less<Ogre::String>,std::allocator<std::pair<const Ogre::String,Ogre::RTShader::ShaderGenerator::SGScheme *>>>'
C:\Users\windo\Documents\Projects\holostrike\holostrike\build\OGRE\RTShaderSystem\OgreShaderGenerator.h(846,20): warning C4251: 'Ogre::RTShader::ShaderGenerator::mTechniqueEntriesMap': class 'std::map<Ogre::RTShader::ShaderGenerator::SGTechnique *,Ogre::RTShader::ShaderGenerator::SGTechnique *,std::less<Ogre::RTShader::ShaderGenerator::SGTechnique *>,std::allocator<std::pair<Ogre::RTShader::ShaderGenerator::SGTechnique *const ,Ogre::RTShader::ShaderGenerator::SGTechnique *>>>' needs to have dll-interface to be used by clients of class 'Ogre::RTShader::ShaderGenerator'
C:\Users\windo\Documents\Projects\holostrike\holostrike\build\OGRE\RTShaderSystem\OgreShaderGenerator.h(471): message : see declaration of 'std::map<Ogre::RTShader::ShaderGenerator::SGTechnique *,Ogre::RTShader::ShaderGenerator::SGTechnique *,std::less<Ogre::RTShader::ShaderGenerator::SGTechnique *>,std::allocator<std::pair<Ogre::RTShader::ShaderGenerator::SGTechnique *const ,Ogre::RTShader::ShaderGenerator::SGTechnique *>>>'
C:\Users\windo\Documents\Projects\holostrike\holostrike\build\OGRE\RTShaderSystem\OgreShaderGenerator.h(848,30): warning C4251: 'Ogre::RTShader::ShaderGenerator::mSubRenderStateFactories': class 'std::map<Ogre::String,Ogre::RTShader::SubRenderStateFactory *,std::less<Ogre::String>,std::allocator<std::pair<const Ogre::String,Ogre::RTShader::SubRenderStateFactory *>>>' needs to have dll-interface to be used by clients of class 'Ogre::RTShader::ShaderGenerator'
C:\Users\windo\Documents\Projects\holostrike\holostrike\build\OGRE\RTShaderSystem\OgreShaderGenerator.h(729): message : see declaration of 'std::map<Ogre::String,Ogre::RTShader::SubRenderStateFactory *,std::less<Ogre::String>,std::allocator<std::pair<const Ogre::String,Ogre::RTShader::SubRenderStateFactory *>>>'
C:\Users\windo\Documents\Projects\holostrike\holostrike\build\OGRE\RTShaderSystem\OgreShaderGenerator.h(850,41): warning C4251: 'Ogre::RTShader::ShaderGenerator::mBuiltinSRSFactories': class 'std::vector<Ogre::RTShader::SubRenderStateFactory *,std::allocator<Ogre::RTShader::SubRenderStateFactory *>>' needs to have dll-interface to be used by clients of class 'Ogre::RTShader::ShaderGenerator'
C:\Users\windo\Documents\Projects\holostrike\holostrike\build\OGRE\RTShaderSystem\OgreShaderGenerator.h(850): message : see declaration of 'std::vector<Ogre::RTShader::SubRenderStateFactory *,std::allocator<Ogre::RTShader::SubRenderStateFactory *>>'
C:\Users\windo\Documents\Projects\holostrike\holostrike\build\OGRE\RTShaderSystem\OgreShaderFunctionAtom.h(145,18): warning C4251: 'Ogre::RTShader::Operand::mParameter': class 'std::shared_ptr<Ogre::RTShader::Parameter>' needs to have dll-interface to be used by clients of class 'Ogre::RTShader::Operand'
C:\Users\windo\Documents\Projects\holostrike\holostrike\build\OGRE\RTShaderSystem\OgreShaderPrerequisites.h(75): message : see declaration of 'std::shared_ptr<Ogre::RTShader::Parameter>'
C:\Users\windo\Documents\Projects\holostrike\holostrike\build\OGRE\RTShaderSystem\OgreShaderFunctionAtom.h(226,19): warning C4251: 'Ogre::RTShader::FunctionAtom::mOperands': class 'std::vector<Ogre::RTShader::Operand,std::allocator<Ogre::RTShader::Operand>>' needs to have dll-interface to be used by clients of class 'Ogre::RTShader::FunctionAtom'
C:\Users\windo\Documents\Projects\holostrike\holostrike\build\OGRE\RTShaderSystem\OgreShaderFunctionAtom.h(193): message : see declaration of 'std::vector<Ogre::RTShader::Operand,std::allocator<Ogre::RTShader::Operand>>'
C:\Users\windo\Documents\Projects\holostrike\holostrike\build\OGRE\RTShaderSystem\OgreShaderFunctionAtom.h(227,12): warning C4251: 'Ogre::RTShader::FunctionAtom::mFunctionName': class 'std::basic_string<char,std::char_traits<char>,std::allocator<char>>' needs to have dll-interface to be used by clients of class 'Ogre::RTShader::FunctionAtom'
C:\Program Files (x86)\Microsoft Visual Studio\2019\Community\VC\Tools\MSVC\14.29.30133\include\xstring(4871): message : see declaration of 'std::basic_string<char,std::char_traits<char>,std::allocator<char>>'
C:\Users\windo\Documents\Projects\holostrike\holostrike\build\OGRE\RTShaderSystem\OgreShaderFunctionAtom.h(285,12): warning C4251: 'Ogre::RTShader::FunctionInvocation::mReturnType': class 'std::basic_string<char,std::char_traits<char>,std::allocator<char>>' needs to have dll-interface to be used by clients of class 'Ogre::RTShader::FunctionInvocation'
C:\Program Files (x86)\Microsoft Visual Studio\2019\Community\VC\Tools\MSVC\14.29.30133\include\xstring(4871): message : see declaration of 'std::basic_string<char,std::char_traits<char>,std::allocator<char>>'
C:\Users\windo\Documents\Projects\holostrike\holostrike\build\OGRE\RTShaderSystem\OgreShaderFunction.h(273,25): warning C4251: 'Ogre::RTShader::Function::mInputParameters': class 'std::vector<Ogre::RTShader::ParameterPtr,std::allocator<Ogre::RTShader::ParameterPtr>>' needs to have dll-interface to be used by clients of class 'Ogre::RTShader::Function'
C:\Users\windo\Documents\Projects\holostrike\holostrike\build\OGRE\RTShaderSystem\OgreShaderPrerequisites.h(77): message : see declaration of 'std::vector<Ogre::RTShader::ParameterPtr,std::allocator<Ogre::RTShader::ParameterPtr>>'
C:\Users\windo\Documents\Projects\holostrike\holostrike\build\OGRE\RTShaderSystem\OgreShaderFunction.h(275,25): warning C4251: 'Ogre::RTShader::Function::mOutputParameters': class 'std::vector<Ogre::RTShader::ParameterPtr,std::allocator<Ogre::RTShader::ParameterPtr>>' needs to have dll-interface to be used by clients of class 'Ogre::RTShader::Function'
C:\Users\windo\Documents\Projects\holostrike\holostrike\build\OGRE\RTShaderSystem\OgreShaderPrerequisites.h(77): message : see declaration of 'std::vector<Ogre::RTShader::ParameterPtr,std::allocator<Ogre::RTShader::ParameterPtr>>'
C:\Users\windo\Documents\Projects\holostrike\holostrike\build\OGRE\RTShaderSystem\OgreShaderFunction.h(277,25): warning C4251: 'Ogre::RTShader::Function::mLocalParameters': class 'std::vector<Ogre::RTShader::ParameterPtr,std::allocator<Ogre::RTShader::ParameterPtr>>' needs to have dll-interface to be used by clients of class 'Ogre::RTShader::Function'
C:\Users\windo\Documents\Projects\holostrike\holostrike\build\OGRE\RTShaderSystem\OgreShaderPrerequisites.h(77): message : see declaration of 'std::vector<Ogre::RTShader::ParameterPtr,std::allocator<Ogre::RTShader::ParameterPtr>>'
C:\Users\windo\Documents\Projects\holostrike\holostrike\build\OGRE\RTShaderSystem\OgreShaderFunction.h(279,48): warning C4251: 'Ogre::RTShader::Function::mAtomInstances': class 'std::map<size_t,Ogre::RTShader::FunctionAtomInstanceList,std::less<size_t>,std::allocator<std::pair<const size_t,Ogre::RTShader::FunctionAtomInstanceList>>>' needs to have dll-interface to be used by clients of class 'Ogre::RTShader::Function'
C:\Users\windo\Documents\Projects\holostrike\holostrike\build\OGRE\RTShaderSystem\OgreShaderFunction.h(279): message : see declaration of 'std::map<size_t,Ogre::RTShader::FunctionAtomInstanceList,std::less<size_t>,std::allocator<std::pair<const size_t,Ogre::RTShader::FunctionAtomInstanceList>>>'
C:\Users\windo\Documents\Projects\holostrike\holostrike\build\OGRE\RTShaderSystem\OgreShaderFunction.h(280,30): warning C4251: 'Ogre::RTShader::Function::mSortedAtomInstances': class 'std::vector<Ogre::RTShader::FunctionAtom *,std::allocator<Ogre::RTShader::FunctionAtom *>>' needs to have dll-interface to be used by clients of class 'Ogre::RTShader::Function'
C:\Users\windo\Documents\Projects\holostrike\holostrike\build\OGRE\RTShaderSystem\OgreShaderFunctionAtom.h(329): message : see declaration of 'std::vector<Ogre::RTShader::FunctionAtom *,std::allocator<Ogre::RTShader::FunctionAtom *>>'
C:\Users\windo\Documents\Projects\holostrike\holostrike\build\OGRE\RTShaderSystem\OgreShaderFFPTransform.h(83,19): warning C4251: 'Ogre::RTShader::FFPTransform::Type': class 'std::basic_string<char,std::char_traits<char>,std::allocator<char>>' needs to have dll-interface to be used by clients of class 'Ogre::RTShader::FFPTransform'
C:\Program Files (x86)\Microsoft Visual Studio\2019\Community\VC\Tools\MSVC\14.29.30133\include\xstring(4871): message : see declaration of 'std::basic_string<char,std::char_traits<char>,std::allocator<char>>'
C:\Users\windo\Documents\Projects\holostrike\holostrike\build\OGRE\RTShaderSystem\OgreShaderExIntegratedPSSM3.h(94,19): warning C4251: 'Ogre::RTShader::IntegratedPSSM3::Type': class 'std::basic_string<char,std::char_traits<char>,std::allocator<char>>' needs to have dll-interface to be used by clients of class 'Ogre::RTShader::IntegratedPSSM3'
C:\Program Files (x86)\Microsoft Visual Studio\2019\Community\VC\Tools\MSVC\14.29.30133\include\xstring(4871): message : see declaration of 'std::basic_string<char,std::char_traits<char>,std::allocator<char>>'
C:\Users\windo\Documents\Projects\holostrike\holostrike\build\OGRE\RTShaderSystem\OgreShaderExIntegratedPSSM3.h(107,29): warning C4251: 'Ogre::RTShader::IntegratedPSSM3::ShadowTextureParams::mTextureSampler': class 'std::shared_ptr<Ogre::RTShader::UniformParameter>' needs to have dll-interface to be used by clients of struct 'Ogre::RTShader::IntegratedPSSM3::ShadowTextureParams'
C:\Users\windo\Documents\Projects\holostrike\holostrike\build\OGRE\RTShaderSystem\OgreShaderPrerequisites.h(76): message : see declaration of 'std::shared_ptr<Ogre::RTShader::UniformParameter>'
C:\Users\windo\Documents\Projects\holostrike\holostrike\build\OGRE\RTShaderSystem\OgreShaderExIntegratedPSSM3.h(109,29): warning C4251: 'Ogre::RTShader::IntegratedPSSM3::ShadowTextureParams::mInvTextureSize': class 'std::shared_ptr<Ogre::RTShader::UniformParameter>' needs to have dll-interface to be used by clients of struct 'Ogre::RTShader::IntegratedPSSM3::ShadowTextureParams'
C:\Users\windo\Documents\Projects\holostrike\holostrike\build\OGRE\RTShaderSystem\OgreShaderPrerequisites.h(76): message : see declaration of 'std::shared_ptr<Ogre::RTShader::UniformParameter>'
C:\Users\windo\Documents\Projects\holostrike\holostrike\build\OGRE\RTShaderSystem\OgreShaderExIntegratedPSSM3.h(111,29): warning C4251: 'Ogre::RTShader::IntegratedPSSM3::ShadowTextureParams::mWorldViewProjMatrix': class 'std::shared_ptr<Ogre::RTShader::UniformParameter>' needs to have dll-interface to be used by clients of struct 'Ogre::RTShader::IntegratedPSSM3::ShadowTextureParams'
C:\Users\windo\Documents\Projects\holostrike\holostrike\build\OGRE\RTShaderSystem\OgreShaderPrerequisites.h(76): message : see declaration of 'std::shared_ptr<Ogre::RTShader::UniformParameter>'
C:\Users\windo\Documents\Projects\holostrike\holostrike\build\OGRE\RTShaderSystem\OgreShaderExIntegratedPSSM3.h(113,22): warning C4251: 'Ogre::RTShader::IntegratedPSSM3::ShadowTextureParams::mVSOutLightPosition': class 'std::shared_ptr<Ogre::RTShader::Parameter>' needs to have dll-interface to be used by clients of struct 'Ogre::RTShader::IntegratedPSSM3::ShadowTextureParams'
C:\Users\windo\Documents\Projects\holostrike\holostrike\build\OGRE\RTShaderSystem\OgreShaderPrerequisites.h(75): message : see declaration of 'std::shared_ptr<Ogre::RTShader::Parameter>'
C:\Users\windo\Documents\Projects\holostrike\holostrike\build\OGRE\RTShaderSystem\OgreShaderExIntegratedPSSM3.h(115,22): warning C4251: 'Ogre::RTShader::IntegratedPSSM3::ShadowTextureParams::mPSInLightPosition': class 'std::shared_ptr<Ogre::RTShader::Parameter>' needs to have dll-interface to be used by clients of struct 'Ogre::RTShader::IntegratedPSSM3::ShadowTextureParams'
C:\Users\windo\Documents\Projects\holostrike\holostrike\build\OGRE\RTShaderSystem\OgreShaderPrerequisites.h(75): message : see declaration of 'std::shared_ptr<Ogre::RTShader::Parameter>'
C:\Users\windo\Documents\Projects\holostrike\holostrike\build\OGRE\RTShaderSystem\OgreShaderExIntegratedPSSM3.h(160,29): warning C4251: 'Ogre::RTShader::IntegratedPSSM3::mShadowTextureParamsList': class 'std::vector<Ogre::RTShader::IntegratedPSSM3::ShadowTextureParams,std::allocator<Ogre::RTShader::IntegratedPSSM3::ShadowTextureParams>>' needs to have dll-interface to be used by clients of class 'Ogre::RTShader::IntegratedPSSM3'
C:\Users\windo\Documents\Projects\holostrike\holostrike\build\OGRE\RTShaderSystem\OgreShaderExIntegratedPSSM3.h(119): message : see declaration of 'std::vector<Ogre::RTShader::IntegratedPSSM3::ShadowTextureParams,std::allocator<Ogre::RTShader::IntegratedPSSM3::ShadowTextureParams>>'
C:\Users\windo\Documents\Projects\holostrike\holostrike\build\OGRE\RTShaderSystem\OgreShaderExIntegratedPSSM3.h(162,25): warning C4251: 'Ogre::RTShader::IntegratedPSSM3::mPSSplitPoints': class 'std::shared_ptr<Ogre::RTShader::UniformParameter>' needs to have dll-interface to be used by clients of class 'Ogre::RTShader::IntegratedPSSM3'
C:\Users\windo\Documents\Projects\holostrike\holostrike\build\OGRE\RTShaderSystem\OgreShaderPrerequisites.h(76): message : see declaration of 'std::shared_ptr<Ogre::RTShader::UniformParameter>'
C:\Users\windo\Documents\Projects\holostrike\holostrike\build\OGRE\RTShaderSystem\OgreShaderExIntegratedPSSM3.h(164,18): warning C4251: 'Ogre::RTShader::IntegratedPSSM3::mVSInPos': class 'std::shared_ptr<Ogre::RTShader::Parameter>' needs to have dll-interface to be used by clients of class 'Ogre::RTShader::IntegratedPSSM3'
C:\Users\windo\Documents\Projects\holostrike\holostrike\build\OGRE\RTShaderSystem\OgreShaderPrerequisites.h(75): message : see declaration of 'std::shared_ptr<Ogre::RTShader::Parameter>'
C:\Users\windo\Documents\Projects\holostrike\holostrike\build\OGRE\RTShaderSystem\OgreShaderExIntegratedPSSM3.h(166,18): warning C4251: 'Ogre::RTShader::IntegratedPSSM3::mVSOutPos': class 'std::shared_ptr<Ogre::RTShader::Parameter>' needs to have dll-interface to be used by clients of class 'Ogre::RTShader::IntegratedPSSM3'
C:\Users\windo\Documents\Projects\holostrike\holostrike\build\OGRE\RTShaderSystem\OgreShaderPrerequisites.h(75): message : see declaration of 'std::shared_ptr<Ogre::RTShader::Parameter>'
C:\Users\windo\Documents\Projects\holostrike\holostrike\build\OGRE\RTShaderSystem\OgreShaderExIntegratedPSSM3.h(168,18): warning C4251: 'Ogre::RTShader::IntegratedPSSM3::mVSOutDepth': class 'std::shared_ptr<Ogre::RTShader::Parameter>' needs to have dll-interface to be used by clients of class 'Ogre::RTShader::IntegratedPSSM3'
C:\Users\windo\Documents\Projects\holostrike\holostrike\build\OGRE\RTShaderSystem\OgreShaderPrerequisites.h(75): message : see declaration of 'std::shared_ptr<Ogre::RTShader::Parameter>'
C:\Users\windo\Documents\Projects\holostrike\holostrike\build\OGRE\RTShaderSystem\OgreShaderExIntegratedPSSM3.h(170,18): warning C4251: 'Ogre::RTShader::IntegratedPSSM3::mPSInDepth': class 'std::shared_ptr<Ogre::RTShader::Parameter>' needs to have dll-interface to be used by clients of class 'Ogre::RTShader::IntegratedPSSM3'
C:\Users\windo\Documents\Projects\holostrike\holostrike\build\OGRE\RTShaderSystem\OgreShaderPrerequisites.h(75): message : see declaration of 'std::shared_ptr<Ogre::RTShader::Parameter>'
C:\Users\windo\Documents\Projects\holostrike\holostrike\build\OGRE\RTShaderSystem\OgreShaderExIntegratedPSSM3.h(172,18): warning C4251: 'Ogre::RTShader::IntegratedPSSM3::mPSLocalShadowFactor': class 'std::shared_ptr<Ogre::RTShader::Parameter>' needs to have dll-interface to be used by clients of class 'Ogre::RTShader::IntegratedPSSM3'
C:\Users\windo\Documents\Projects\holostrike\holostrike\build\OGRE\RTShaderSystem\OgreShaderPrerequisites.h(75): message : see declaration of 'std::shared_ptr<Ogre::RTShader::Parameter>'
C:\Users\windo\Documents\Projects\holostrike\holostrike\build\OGRE\RTShaderSystem\OgreShaderFFPTexturing.h(82,19): warning C4251: 'Ogre::RTShader::FFPTexturing::Type': class 'std::basic_string<char,std::char_traits<char>,std::allocator<char>>' needs to have dll-interface to be used by clients of class 'Ogre::RTShader::FFPTexturing'
C:\Program Files (x86)\Microsoft Visual Studio\2019\Community\VC\Tools\MSVC\14.29.30133\include\xstring(4871): message : see declaration of 'std::basic_string<char,std::char_traits<char>,std::allocator<char>>'
C:\Users\windo\Documents\Projects\holostrike\holostrike\build\OGRE\RTShaderSystem\OgreShaderFFPTexturing.h(103,29): warning C4251: 'Ogre::RTShader::FFPTexturing::TextureUnitParams::mTextureMatrix': class 'std::shared_ptr<Ogre::RTShader::UniformParameter>' needs to have dll-interface to be used by clients of struct 'Ogre::RTShader::FFPTexturing::TextureUnitParams'
C:\Users\windo\Documents\Projects\holostrike\holostrike\build\OGRE\RTShaderSystem\OgreShaderPrerequisites.h(76): message : see declaration of 'std::shared_ptr<Ogre::RTShader::UniformParameter>'
C:\Users\windo\Documents\Projects\holostrike\holostrike\build\OGRE\RTShaderSystem\OgreShaderFFPTexturing.h(105,29): warning C4251: 'Ogre::RTShader::FFPTexturing::TextureUnitParams::mTextureViewProjImageMatrix': class 'std::shared_ptr<Ogre::RTShader::UniformParameter>' needs to have dll-interface to be used by clients of struct 'Ogre::RTShader::FFPTexturing::TextureUnitParams'
C:\Users\windo\Documents\Projects\holostrike\holostrike\build\OGRE\RTShaderSystem\OgreShaderPrerequisites.h(76): message : see declaration of 'std::shared_ptr<Ogre::RTShader::UniformParameter>'
C:\Users\windo\Documents\Projects\holostrike\holostrike\build\OGRE\RTShaderSystem\OgreShaderFFPTexturing.h(107,29): warning C4251: 'Ogre::RTShader::FFPTexturing::TextureUnitParams::mTextureSampler': class 'std::shared_ptr<Ogre::RTShader::UniformParameter>' needs to have dll-interface to be used by clients of struct 'Ogre::RTShader::FFPTexturing::TextureUnitParams'
C:\Users\windo\Documents\Projects\holostrike\holostrike\build\OGRE\RTShaderSystem\OgreShaderPrerequisites.h(76): message : see declaration of 'std::shared_ptr<Ogre::RTShader::UniformParameter>'
C:\Users\windo\Documents\Projects\holostrike\holostrike\build\OGRE\RTShaderSystem\OgreShaderFFPTexturing.h(109,22): warning C4251: 'Ogre::RTShader::FFPTexturing::TextureUnitParams::mVSInputTexCoord': class 'std::shared_ptr<Ogre::RTShader::Parameter>' needs to have dll-interface to be used by clients of struct 'Ogre::RTShader::FFPTexturing::TextureUnitParams'
C:\Users\windo\Documents\Projects\holostrike\holostrike\build\OGRE\RTShaderSystem\OgreShaderPrerequisites.h(75): message : see declaration of 'std::shared_ptr<Ogre::RTShader::Parameter>'
C:\Users\windo\Documents\Projects\holostrike\holostrike\build\OGRE\RTShaderSystem\OgreShaderFFPTexturing.h(111,22): warning C4251: 'Ogre::RTShader::FFPTexturing::TextureUnitParams::mVSOutputTexCoord': class 'std::shared_ptr<Ogre::RTShader::Parameter>' needs to have dll-interface to be used by clients of struct 'Ogre::RTShader::FFPTexturing::TextureUnitParams'
C:\Users\windo\Documents\Projects\holostrike\holostrike\build\OGRE\RTShaderSystem\OgreShaderPrerequisites.h(75): message : see declaration of 'std::shared_ptr<Ogre::RTShader::Parameter>'
C:\Users\windo\Documents\Projects\holostrike\holostrike\build\OGRE\RTShaderSystem\OgreShaderFFPTexturing.h(113,22): warning C4251: 'Ogre::RTShader::FFPTexturing::TextureUnitParams::mPSInputTexCoord': class 'std::shared_ptr<Ogre::RTShader::Parameter>' needs to have dll-interface to be used by clients of struct 'Ogre::RTShader::FFPTexturing::TextureUnitParams'
C:\Users\windo\Documents\Projects\holostrike\holostrike\build\OGRE\RTShaderSystem\OgreShaderPrerequisites.h(75): message : see declaration of 'std::shared_ptr<Ogre::RTShader::Parameter>'
C:\Users\windo\Documents\Projects\holostrike\holostrike\build\OGRE\RTShaderSystem\OgreShaderFFPTexturing.h(206,27): warning C4251: 'Ogre::RTShader::FFPTexturing::mTextureUnitParamsList': class 'std::vector<Ogre::RTShader::FFPTexturing::TextureUnitParams,std::allocator<Ogre::RTShader::FFPTexturing::TextureUnitParams>>' needs to have dll-interface to be used by clients of class 'Ogre::RTShader::FFPTexturing'
C:\Users\windo\Documents\Projects\holostrike\holostrike\build\OGRE\RTShaderSystem\OgreShaderFFPTexturing.h(116): message : see declaration of 'std::vector<Ogre::RTShader::FFPTexturing::TextureUnitParams,std::allocator<Ogre::RTShader::FFPTexturing::TextureUnitParams>>'
C:\Users\windo\Documents\Projects\holostrike\holostrike\build\OGRE\RTShaderSystem\OgreShaderFFPTexturing.h(208,25): warning C4251: 'Ogre::RTShader::FFPTexturing::mWorldMatrix': class 'std::shared_ptr<Ogre::RTShader::UniformParameter>' needs to have dll-interface to be used by clients of class 'Ogre::RTShader::FFPTexturing'
C:\Users\windo\Documents\Projects\holostrike\holostrike\build\OGRE\RTShaderSystem\OgreShaderPrerequisites.h(76): message : see declaration of 'std::shared_ptr<Ogre::RTShader::UniformParameter>'
C:\Users\windo\Documents\Projects\holostrike\holostrike\build\OGRE\RTShaderSystem\OgreShaderFFPTexturing.h(210,25): warning C4251: 'Ogre::RTShader::FFPTexturing::mWorldITMatrix': class 'std::shared_ptr<Ogre::RTShader::UniformParameter>' needs to have dll-interface to be used by clients of class 'Ogre::RTShader::FFPTexturing'
C:\Users\windo\Documents\Projects\holostrike\holostrike\build\OGRE\RTShaderSystem\OgreShaderPrerequisites.h(76): message : see declaration of 'std::shared_ptr<Ogre::RTShader::UniformParameter>'
C:\Users\windo\Documents\Projects\holostrike\holostrike\build\OGRE\RTShaderSystem\OgreShaderFFPTexturing.h(212,25): warning C4251: 'Ogre::RTShader::FFPTexturing::mViewMatrix': class 'std::shared_ptr<Ogre::RTShader::UniformParameter>' needs to have dll-interface to be used by clients of class 'Ogre::RTShader::FFPTexturing'
C:\Users\windo\Documents\Projects\holostrike\holostrike\build\OGRE\RTShaderSystem\OgreShaderPrerequisites.h(76): message : see declaration of 'std::shared_ptr<Ogre::RTShader::UniformParameter>'
C:\Users\windo\Documents\Projects\holostrike\holostrike\build\OGRE\RTShaderSystem\OgreShaderFFPTexturing.h(214,18): warning C4251: 'Ogre::RTShader::FFPTexturing::mVSInputNormal': class 'std::shared_ptr<Ogre::RTShader::Parameter>' needs to have dll-interface to be used by clients of class 'Ogre::RTShader::FFPTexturing'
C:\Users\windo\Documents\Projects\holostrike\holostrike\build\OGRE\RTShaderSystem\OgreShaderPrerequisites.h(75): message : see declaration of 'std::shared_ptr<Ogre::RTShader::Parameter>'
C:\Users\windo\Documents\Projects\holostrike\holostrike\build\OGRE\RTShaderSystem\OgreShaderFFPTexturing.h(216,18): warning C4251: 'Ogre::RTShader::FFPTexturing::mVSInputPos': class 'std::shared_ptr<Ogre::RTShader::Parameter>' needs to have dll-interface to be used by clients of class 'Ogre::RTShader::FFPTexturing'
C:\Users\windo\Documents\Projects\holostrike\holostrike\build\OGRE\RTShaderSystem\OgreShaderPrerequisites.h(75): message : see declaration of 'std::shared_ptr<Ogre::RTShader::Parameter>'
C:\Users\windo\Documents\Projects\holostrike\holostrike\build\OGRE\RTShaderSystem\OgreShaderFFPTexturing.h(218,18): warning C4251: 'Ogre::RTShader::FFPTexturing::mPSOutDiffuse': class 'std::shared_ptr<Ogre::RTShader::Parameter>' needs to have dll-interface to be used by clients of class 'Ogre::RTShader::FFPTexturing'
C:\Users\windo\Documents\Projects\holostrike\holostrike\build\OGRE\RTShaderSystem\OgreShaderPrerequisites.h(75): message : see declaration of 'std::shared_ptr<Ogre::RTShader::Parameter>'
C:\Users\windo\Documents\Projects\holostrike\holostrike\build\OGRE\RTShaderSystem\OgreShaderFFPTexturing.h(220,18): warning C4251: 'Ogre::RTShader::FFPTexturing::mPSDiffuse': class 'std::shared_ptr<Ogre::RTShader::Parameter>' needs to have dll-interface to be used by clients of class 'Ogre::RTShader::FFPTexturing'
C:\Users\windo\Documents\Projects\holostrike\holostrike\build\OGRE\RTShaderSystem\OgreShaderPrerequisites.h(75): message : see declaration of 'std::shared_ptr<Ogre::RTShader::Parameter>'
C:\Users\windo\Documents\Projects\holostrike\holostrike\build\OGRE\RTShaderSystem\OgreShaderFFPTexturing.h(222,18): warning C4251: 'Ogre::RTShader::FFPTexturing::mPSSpecular': class 'std::shared_ptr<Ogre::RTShader::Parameter>' needs to have dll-interface to be used by clients of class 'Ogre::RTShader::FFPTexturing'
C:\Users\windo\Documents\Projects\holostrike\holostrike\build\OGRE\RTShaderSystem\OgreShaderPrerequisites.h(75): message : see declaration of 'std::shared_ptr<Ogre::RTShader::Parameter>'
C:\Users\windo\Documents\Projects\holostrike\holostrike\build\OGRE\RTShaderSystem\OgreShaderExLayeredBlending.h(154,19): warning C4251: 'Ogre::RTShader::LayeredBlending::Type': class 'std::basic_string<char,std::char_traits<char>,std::allocator<char>>' needs to have dll-interface to be used by clients of class 'Ogre::RTShader::LayeredBlending'
C:\Program Files (x86)\Microsoft Visual Studio\2019\Community\VC\Tools\MSVC\14.29.30133\include\xstring(4871): message : see declaration of 'std::basic_string<char,std::char_traits<char>,std::allocator<char>>'
C:\Users\windo\Documents\Projects\holostrike\holostrike\build\OGRE\RTShaderSystem\OgreShaderExLayeredBlending.h(191,31): warning C4251: 'Ogre::RTShader::LayeredBlending::mTextureBlends': class 'std::vector<Ogre::RTShader::LayeredBlending::TextureBlend,std::allocator<Ogre::RTShader::LayeredBlending::TextureBlend>>' needs to have dll-interface to be used by clients of class 'Ogre::RTShader::LayeredBlending'
C:\Users\windo\Documents\Projects\holostrike\holostrike\build\OGRE\RTShaderSystem\OgreShaderExLayeredBlending.h(191): message : see declaration of 'std::vector<Ogre::RTShader::LayeredBlending::TextureBlend,std::allocator<Ogre::RTShader::LayeredBlending::TextureBlend>>'
C:\Users\windo\Documents\Projects\holostrike\holostrike\build\OGRE\RTShaderSystem\OgreShaderExHardwareSkinning.h(151,19): warning C4251: 'Ogre::RTShader::HardwareSkinning::Type': class 'std::basic_string<char,std::char_traits<char>,std::allocator<char>>' needs to have dll-interface to be used by clients of class 'Ogre::RTShader::HardwareSkinning'
C:\Program Files (x86)\Microsoft Visual Studio\2019\Community\VC\Tools\MSVC\14.29.30133\include\xstring(4871): message : see declaration of 'std::basic_string<char,std::char_traits<char>,std::allocator<char>>'
C:\Users\windo\Documents\Projects\holostrike\holostrike\build\OGRE\RTShaderSystem\OgreShaderExHardwareSkinning.h(170,31): warning C4251: 'Ogre::RTShader::HardwareSkinning::mLinear': class 'Ogre::SharedPtr<Ogre::RTShader::LinearSkinning>' needs to have dll-interface to be used by clients of class 'Ogre::RTShader::HardwareSkinning'
C:\Users\windo\Documents\Projects\holostrike\holostrike\build\OGRE\RTShaderSystem\OgreShaderExHardwareSkinning.h(170): message : see declaration of 'Ogre::SharedPtr<Ogre::RTShader::LinearSkinning>'
C:\Users\windo\Documents\Projects\holostrike\holostrike\build\OGRE\RTShaderSystem\OgreShaderExHardwareSkinning.h(171,39): warning C4251: 'Ogre::RTShader::HardwareSkinning::mDualQuat': class 'Ogre::SharedPtr<Ogre::RTShader::DualQuaternionSkinning>' needs to have dll-interface to be used by clients of class 'Ogre::RTShader::HardwareSkinning'
C:\Users\windo\Documents\Projects\holostrike\holostrike\build\OGRE\RTShaderSystem\OgreShaderExHardwareSkinning.h(171): message : see declaration of 'Ogre::SharedPtr<Ogre::RTShader::DualQuaternionSkinning>'
C:\Users\windo\Documents\Projects\holostrike\holostrike\build\OGRE\RTShaderSystem\OgreShaderExHardwareSkinning.h(172,42): warning C4251: 'Ogre::RTShader::HardwareSkinning::mActiveTechnique': class 'Ogre::SharedPtr<Ogre::RTShader::HardwareSkinningTechnique>' needs to have dll-interface to be used by clients of class 'Ogre::RTShader::HardwareSkinning'
C:\Users\windo\Documents\Projects\holostrike\holostrike\build\OGRE\RTShaderSystem\OgreShaderExHardwareSkinning.h(172): message : see declaration of 'Ogre::SharedPtr<Ogre::RTShader::HardwareSkinningTechnique>'
C:\Users\windo\Documents\Projects\holostrike\holostrike\build\OGRE\RTShaderSystem\OgreShaderExHardwareSkinning.h(320,17): warning C4251: 'Ogre::RTShader::HardwareSkinningFactory::mCustomShadowCasterMaterialsLinear': class 'Ogre::SharedPtr<Ogre::Material>' needs to have dll-interface to be used by clients of class 'Ogre::RTShader::HardwareSkinningFactory'
C:\Users\windo\Documents\Projects\holostrike\holostrike\build\OGRE\OgrePrerequisites.h(291): message : see declaration of 'Ogre::SharedPtr<Ogre::Material>'
C:\Users\windo\Documents\Projects\holostrike\holostrike\build\OGRE\RTShaderSystem\OgreShaderExHardwareSkinning.h(321,17): warning C4251: 'Ogre::RTShader::HardwareSkinningFactory::mCustomShadowCasterMaterialsDualQuaternion': class 'Ogre::SharedPtr<Ogre::Material>' needs to have dll-interface to be used by clients of class 'Ogre::RTShader::HardwareSkinningFactory'
C:\Users\windo\Documents\Projects\holostrike\holostrike\build\OGRE\OgrePrerequisites.h(291): message : see declaration of 'Ogre::SharedPtr<Ogre::Material>'
C:\Users\windo\Documents\Projects\holostrike\holostrike\build\OGRE\RTShaderSystem\OgreShaderExHardwareSkinning.h(324,17): warning C4251: 'Ogre::RTShader::HardwareSkinningFactory::mCustomShadowReceiverMaterialsLinear': class 'Ogre::SharedPtr<Ogre::Material>' needs to have dll-interface to be used by clients of class 'Ogre::RTShader::HardwareSkinningFactory'
C:\Users\windo\Documents\Projects\holostrike\holostrike\build\OGRE\OgrePrerequisites.h(291): message : see declaration of 'Ogre::SharedPtr<Ogre::Material>'
C:\Users\windo\Documents\Projects\holostrike\holostrike\build\OGRE\RTShaderSystem\OgreShaderExHardwareSkinning.h(325,17): warning C4251: 'Ogre::RTShader::HardwareSkinningFactory::mCustomShadowReceiverMaterialsDualQuaternion': class 'Ogre::SharedPtr<Ogre::Material>' needs to have dll-interface to be used by clients of class 'Ogre::RTShader::HardwareSkinningFactory'
C:\Users\windo\Documents\Projects\holostrike\holostrike\build\OGRE\OgrePrerequisites.h(291): message : see declaration of 'Ogre::SharedPtr<Ogre::Material>'
C:\Users\windo\Documents\Projects\holostrike\holostrike\build\OGRE\Bites\OgreSGTechniqueResolverListener.h(46,93): warning C4275: non dll-interface class 'Ogre::MaterialManager::Listener' used as base for dll-interface class 'OgreBites::SGTechniqueResolverListener'
C:\Users\windo\Documents\Projects\holostrike\holostrike\build\OGRE\OgreMaterialManager.h(82): message : see declaration of 'Ogre::MaterialManager::Listener'
C:\Users\windo\Documents\Projects\holostrike\holostrike\build\OGRE\Bites\OgreSGTechniqueResolverListener.h(46): message : see declaration of 'OgreBites::SGTechniqueResolverListener'
C:\Users\windo\Documents\Projects\holostrike\holostrike\build\OGRE\Bites\OgreInput.h(200,33): warning C4251: 'OgreBites::InputListenerChain::mListenerChain': class 'std::vector<OgreBites::InputListener *,std::allocator<OgreBites::InputListener *>>' needs to have dll-interface to be used by clients of class 'OgreBites::InputListenerChain'
C:\Users\windo\Documents\Projects\holostrike\holostrike\build\OGRE\Bites\OgreInput.h(200): message : see declaration of 'std::vector<OgreBites::InputListener *,std::allocator<OgreBites::InputListener *>>'
C:\Users\windo\Documents\Projects\holostrike\holostrike\build\OGRE\Bites\OgreApplicationContextBase.h(298,22): warning C4251: 'OgreBites::ApplicationContextBase::mNextRenderer': class 'std::basic_string<char,std::char_traits<char>,std::allocator<char>>' needs to have dll-interface to be used by clients of class 'OgreBites::ApplicationContextBase'
C:\Program Files (x86)\Microsoft Visual Studio\2019\Community\VC\Tools\MSVC\14.29.30133\include\xstring(4871): message : see declaration of 'std::basic_string<char,std::char_traits<char>,std::allocator<char>>'
C:\Users\windo\Documents\Projects\holostrike\holostrike\build\OGRE\Bites\OgreApplicationContextBase.h(299,22): warning C4251: 'OgreBites::ApplicationContextBase::mAppName': class 'std::basic_string<char,std::char_traits<char>,std::allocator<char>>' needs to have dll-interface to be used by clients of class 'OgreBites::ApplicationContextBase'
C:\Program Files (x86)\Microsoft Visual Studio\2019\Community\VC\Tools\MSVC\14.29.30133\include\xstring(4871): message : see declaration of 'std::basic_string<char,std::char_traits<char>,std::allocator<char>>'
C:\Users\windo\Documents\Projects\holostrike\holostrike\build\OGRE\Bites\OgreApplicationContextBase.h(302,20): warning C4251: 'OgreBites::ApplicationContextBase::mWindows': class 'std::vector<OgreBites::NativeWindowPair,std::allocator<OgreBites::NativeWindowPair>>' needs to have dll-interface to be used by clients of class 'OgreBites::ApplicationContextBase'
C:\Users\windo\Documents\Projects\holostrike\holostrike\build\OGRE\Bites\OgreApplicationContextBase.h(301): message : see declaration of 'std::vector<OgreBites::NativeWindowPair,std::allocator<OgreBites::NativeWindowPair>>'
C:\Users\windo\Documents\Projects\holostrike\holostrike\build\OGRE\Bites\OgreApplicationContextBase.h(305,27): warning C4251: 'OgreBites::ApplicationContextBase::mInputListeners': class 'std::set<std::pair<uint32_t,OgreBites::InputListener *>,std::less<std::pair<uint32_t,OgreBites::InputListener *>>,std::allocator<std::pair<uint32_t,OgreBites::InputListener *>>>' needs to have dll-interface to be used by clients of class 'OgreBites::ApplicationContextBase'
C:\Users\windo\Documents\Projects\holostrike\holostrike\build\OGRE\Bites\OgreApplicationContextBase.h(304): message : see declaration of 'std::set<std::pair<uint32_t,OgreBites::InputListener *>,std::less<std::pair<uint32_t,OgreBites::InputListener *>>,std::allocator<std::pair<uint32_t,OgreBites::InputListener *>>>'
  Generating code
  4 of 76 functions ( 5.3%) were compiled, the rest were copied from previous compilation.
    0 functions were new in current compilation
    0 functions had inline decision re-evaluated but remain unchanged
  Finished generating code
  holostrike.vcxproj -> C:\Users\windo\Documents\Projects\holostrike\x64\Release\holostrike.exe
